Compilación iniciada a las 01/02/2016 20:05:06.
     1>Proyecto "D:\INFORMATICA\INF.GRAFICA\Practicas\Practica 2\freeglut project 2D\freeglut project 2D\freeglut project 2D.vcxproj" en el nodo 2 (Build destinos).
     1>ClCompile:
         C:\Program Files (x86)\Microsoft Visual Studio 12.0\VC\bin\x86_amd64\CL.exe /c /I"D:\INFORMATICA\INF.GRAFICA\Practicas\Practica 2\freeglut project 2D\freeglut\include\\" /Zi /nologo /W3 /WX- /Od /D _MBCS /Gm /EHsc /RTC1 /MDd /GS /fp:precise /Zc:wchar_t /Zc:forScope /Fo"x64\Debug\\" /Fd"x64\Debug\vc120.pdb" /Gd /TP /errorReport:prompt Arco.cpp Lapiz.cpp main.cpp PoligonoRegular.cpp Pentagrama.cpp PV2D.cpp RectanguloAureo.cpp
         RectanguloAureo.cpp
         PV2D.cpp
         Pentagrama.cpp
         PoligonoRegular.cpp
         main.cpp
         Lapiz.cpp
     1>Lapiz.cpp(59): warning C4244: 'argumento' : conversión de 'GLdouble' a 'GLfloat'; posible pérdida de datos
     1>Lapiz.cpp(60): warning C4244: 'argumento' : conversión de 'GLdouble' a 'GLfloat'; posible pérdida de datos
         Arco.cpp
         Generando código...
       Link:
         C:\Program Files (x86)\Microsoft Visual Studio 12.0\VC\bin\x86_amd64\link.exe /ERRORREPORT:PROMPT /OUT:"D:\INFORMATICA\INF.GRAFICA\Practicas\Practica 2\freeglut project 2D\x64\Debug\freeglut project 2D.exe" /INCREMENTAL /NOLOGO /LIBPATH:"D:\INFORMATICA\INF.GRAFICA\Practicas\Practica 2\freeglut project 2D\freeglut\lib\x64\\" kernel32.lib user32.lib gdi32.lib winspool.lib comdlg32.lib advapi32.lib shell32.lib ole32.lib oleaut32.lib uuid.lib odbc32.lib odbccp32.lib /MANIFEST /MANIFESTUAC:"level='asInvoker' uiAccess='false'" /manifest:embed /DEBUG /PDB:"D:\INFORMATICA\INF.GRAFICA\Practicas\Practica 2\freeglut project 2D\x64\Debug\freeglut project 2D.pdb" /TLBID:1 /DYNAMICBASE /NXCOMPAT /IMPLIB:"D:\INFORMATICA\INF.GRAFICA\Practicas\Practica 2\freeglut project 2D\x64\Debug\freeglut project 2D.lib" /MACHINE:X64 x64\Debug\Arco.obj
         x64\Debug\Lapiz.obj
         x64\Debug\main.obj
         x64\Debug\PoligonoRegular.obj
         x64\Debug\Pentagrama.obj
         x64\Debug\PV2D.obj
         x64\Debug\RectanguloAureo.obj
         freeglut project 2D.vcxproj -> D:\INFORMATICA\INF.GRAFICA\Practicas\Practica 2\freeglut project 2D\x64\Debug\freeglut project 2D.exe
     1>Compilación del proyecto terminada "D:\INFORMATICA\INF.GRAFICA\Practicas\Practica 2\freeglut project 2D\freeglut project 2D\freeglut project 2D.vcxproj" (Build destinos).

Compilación correcta.

Tiempo transcurrido 00:00:15.35
