c:\documents and settings\ucm\escritorio\freeglut project 3d\freeglut project 3d\debug\main.obj
c:\documents and settings\ucm\escritorio\freeglut project 3d\freeglut project 3d\debug\vc100.pdb
c:\documents and settings\ucm\escritorio\freeglut project 3d\debug\freeglut project 3d.ilk
c:\documents and settings\ucm\escritorio\freeglut project 3d\debug\freeglut project 3d.exe
c:\documents and settings\ucm\escritorio\freeglut project 3d\freeglut project 3d\debug\freeglut project 3d.exe.intermediate.manifest
c:\documents and settings\ucm\escritorio\freeglut project 3d\debug\freeglut project 3d.pdb
c:\hlocal\freeglut project 3d\freeglut project 3d\debug\vc120.pdb
d:\informatica\inf.grafica\practicas\practica 1\freeglut project 3d\freeglut project 3d\debug\vc120.pdb
d:\informatica\inf.grafica\practicas\practica 1\freeglut project 3d\freeglut project 3d\debug\vc120.idb
d:\informatica\inf.grafica\practicas\practica 1\freeglut project 3d\freeglut project 3d\debug\cara.obj
d:\informatica\inf.grafica\practicas\practica 1\freeglut project 3d\freeglut project 3d\debug\cubo.obj
d:\informatica\inf.grafica\practicas\practica 1\freeglut project 3d\freeglut project 3d\debug\ficha.obj
d:\informatica\inf.grafica\practicas\practica 1\freeglut project 3d\freeglut project 3d\debug\main.obj
d:\informatica\inf.grafica\practicas\practica 1\freeglut project 3d\freeglut project 3d\debug\malla.obj
d:\informatica\inf.grafica\practicas\practica 1\freeglut project 3d\freeglut project 3d\debug\montañarusa.obj
d:\informatica\inf.grafica\practicas\practica 1\freeglut project 3d\freeglut project 3d\debug\pv3d.obj
d:\informatica\inf.grafica\practicas\practica 1\freeglut project 3d\freeglut project 3d\debug\quesito.obj
d:\informatica\inf.grafica\practicas\practica 1\freeglut project 3d\freeglut project 3d\debug\verticenormal.obj
c:\hlocal\freeglut project 3d\debug\freeglut project 3d.ilk
c:\hlocal\freeglut project 3d\debug\freeglut project 3d.exe
c:\hlocal\freeglut project 3d\debug\freeglut project 3d.pdb
d:\informatica\inf.grafica\practicas\practica 1\freeglut project 3d\debug\freeglut project 3d.ilk
d:\informatica\inf.grafica\practicas\practica 1\freeglut project 3d\debug\freeglut project 3d.exe
d:\informatica\inf.grafica\practicas\practica 1\freeglut project 3d\debug\freeglut project 3d.pdb
d:\informatica\inf.grafica\practicas\practica 1\freeglut project 3d\freeglut project 3d\debug\cl.command.1.tlog
d:\informatica\inf.grafica\practicas\practica 1\freeglut project 3d\freeglut project 3d\debug\cl.read.1.tlog
d:\informatica\inf.grafica\practicas\practica 1\freeglut project 3d\freeglut project 3d\debug\cl.write.1.tlog
d:\informatica\inf.grafica\practicas\practica 1\freeglut project 3d\freeglut project 3d\debug\link.command.1.tlog
d:\informatica\inf.grafica\practicas\practica 1\freeglut project 3d\freeglut project 3d\debug\link.read.1.tlog
d:\informatica\inf.grafica\practicas\practica 1\freeglut project 3d\freeglut project 3d\debug\link.write.1.tlog
d:\informatica\inf.grafica\practicas\practica 1\freeglut project 3d\freeglut project 3d\debug\mt.command.1.tlog
d:\informatica\inf.grafica\practicas\practica 1\freeglut project 3d\freeglut project 3d\debug\mt.read.1.tlog
d:\informatica\inf.grafica\practicas\practica 1\freeglut project 3d\freeglut project 3d\debug\mt.write.1.tlog
d:\informatica\inf.grafica\practicas\practica 1\freeglut project 3d\freeglut project 3d\debug\freeglut project 3d.exe.intermediate.manifest
d:\informatica\inf.grafica\practicas\practica 1\freeglut project 3d\freeglut project 3d\debug\vc100.idb
d:\informatica\inf.grafica\practicas\practica 1\freeglut project 3d\freeglut project 3d\debug\vc100.pdb
d:\informatica\inf.grafica\practicas\practica 1\freeglut project 3d\freeglut project 3d\debug\freeglut.7b0bffd4.tlog\cl.command.1.tlog
d:\informatica\inf.grafica\practicas\practica 1\freeglut project 3d\freeglut project 3d\debug\freeglut.7b0bffd4.tlog\cl.read.1.tlog
d:\informatica\inf.grafica\practicas\practica 1\freeglut project 3d\freeglut project 3d\debug\freeglut.7b0bffd4.tlog\cl.write.1.tlog
d:\informatica\inf.grafica\practicas\practica 1\freeglut project 3d\freeglut project 3d\debug\freeglut.7b0bffd4.tlog\link.command.1.tlog
d:\informatica\inf.grafica\practicas\practica 1\freeglut project 3d\freeglut project 3d\debug\freeglut.7b0bffd4.tlog\link.read.1.tlog
d:\informatica\inf.grafica\practicas\practica 1\freeglut project 3d\freeglut project 3d\debug\freeglut.7b0bffd4.tlog\link.write.1.tlog
