Compilación iniciada a las 07/12/2015 16:32:04.
     1>Proyecto "D:\INFORMATICA\IG\freeglut project 2D\freeglut project 2D\freeglut project 2D.vcxproj" en el nodo 2 (Build destinos).
     1>ClCompile:
         C:\Program Files (x86)\Microsoft Visual Studio 12.0\VC\bin\CL.exe /c /I"D:\INFORMATICA\IG\freeglut project 2D\freeglut\include\\" /ZI /nologo /W3 /WX- /Od /Oy- /D _MBCS /Gm /EHsc /RTC1 /MDd /GS /fp:precise /Zc:wchar_t /Zc:forScope /Fo"Debug\\" /Fd"Debug\vc120.pdb" /Gd /TP /analyze- /errorReport:prompt Arco.cpp Lapiz.cpp RectanguloAureo.cpp main.cpp
         main.cpp
         RectanguloAureo.cpp
         Lapiz.cpp
     1>d:\informatica\ig\freeglut project 2d\freeglut project 2d\lapiz.cpp(59): warning C4244: 'argumento' : conversión de 'GLdouble' a 'GLfloat'; posible pérdida de datos
     1>d:\informatica\ig\freeglut project 2d\freeglut project 2d\lapiz.cpp(60): warning C4244: 'argumento' : conversión de 'GLdouble' a 'GLfloat'; posible pérdida de datos
         Arco.cpp
         Generando código...
       Link:
         C:\Program Files (x86)\Microsoft Visual Studio 12.0\VC\bin\link.exe /ERRORREPORT:PROMPT /OUT:"D:\INFORMATICA\IG\freeglut project 2D\Debug\freeglut project 2D.exe" /INCREMENTAL /NOLOGO /LIBPATH:"D:\INFORMATICA\IG\freeglut project 2D\freeglut\lib\\" kernel32.lib user32.lib gdi32.lib winspool.lib comdlg32.lib advapi32.lib shell32.lib ole32.lib oleaut32.lib uuid.lib odbc32.lib odbccp32.lib /MANIFEST /MANIFESTUAC:"level='asInvoker' uiAccess='false'" /manifest:embed /DEBUG /PDB:"D:\INFORMATICA\IG\freeglut project 2D\Debug\freeglut project 2D.pdb" /TLBID:1 /DYNAMICBASE /NXCOMPAT /IMPLIB:"D:\INFORMATICA\IG\freeglut project 2D\Debug\freeglut project 2D.lib" /MACHINE:X86 Debug\Arco.obj
         Debug\Lapiz.obj
         Debug\main.obj
         Debug\PV2D.obj
         Debug\RectanguloAureo.obj
         freeglut project 2D.vcxproj -> D:\INFORMATICA\IG\freeglut project 2D\Debug\freeglut project 2D.exe
     1>Compilación del proyecto terminada "D:\INFORMATICA\IG\freeglut project 2D\freeglut project 2D\freeglut project 2D.vcxproj" (Build destinos).

Compilación correcta.

Tiempo transcurrido 00:00:04.97
