C:\HLOCAL\IG\FREEGLUT PROJECT 2D\FREEGLUT PROJECT 2D\DEBUG\MAIN.OBJ
C:\HLOCAL\IG\FREEGLUT PROJECT 2D\FREEGLUT PROJECT 2D\DEBUG\VC110.PDB
C:\HLOCAL\IG\FREEGLUT PROJECT 2D\DEBUG\FREEGLUT PROJECT 2D.ILK
C:\HLOCAL\IG\FREEGLUT PROJECT 2D\DEBUG\FREEGLUT PROJECT 2D.EXE
C:\HLOCAL\IG\FREEGLUT PROJECT 2D\DEBUG\FREEGLUT PROJECT 2D.PDB
C:\hlocal\ig\chus\freeglut project 2D\freeglut project 2D\Debug\main.obj
C:\hlocal\ig\chus\freeglut project 2D\freeglut project 2D\Debug\cl.command.1.tlog
C:\hlocal\ig\chus\freeglut project 2D\freeglut project 2D\Debug\CL.read.1.tlog
C:\hlocal\ig\chus\freeglut project 2D\freeglut project 2D\Debug\CL.write.1.tlog
C:\hlocal\ig\chus\freeglut project 2D\freeglut project 2D\Debug\link-cvtres.read.1.tlog
C:\hlocal\ig\chus\freeglut project 2D\freeglut project 2D\Debug\link-cvtres.write.1.tlog
C:\hlocal\ig\chus\freeglut project 2D\freeglut project 2D\Debug\link-rc.read.1.tlog
C:\hlocal\ig\chus\freeglut project 2D\freeglut project 2D\Debug\link-rc.write.1.tlog
C:\hlocal\ig\chus\freeglut project 2D\freeglut project 2D\Debug\link.command.1.tlog
C:\hlocal\ig\chus\freeglut project 2D\freeglut project 2D\Debug\link.read.1.tlog
C:\hlocal\ig\chus\freeglut project 2D\freeglut project 2D\Debug\link.write.1.tlog
C:\hlocal\ig\chus\freeglut project 2D\freeglut project 2D\Debug\vc110.idb
C:\hlocal\ig\chus\freeglut project 2D\freeglut project 2D\Debug\vc110.pdb
C:\hlocal\ig\chus\freeglut project 2D\Debug\freeglut project 2D.pdb
C:\hlocal\ig\chus\freeglut project 2D\Debug\freeglut project 2D.exe
C:\hlocal\ig\chus\freeglut project 2D\Debug\freeglut project 2D.ilk
